Performing C++ SOURCE FILE Test CMAKE_HAVE_LIBC_PTHREAD failed with the following output:
Change Dir: /home/atharvmane/cudaTorchSIFT/build/CMakeFiles/CMakeScratch/TryCompile-tcgFzy

Run Build Command(s):/usr/bin/make -f Makefile cmTC_96289/fast && /usr/bin/make  -f CMakeFiles/cmTC_96289.dir/build.make CMakeFiles/cmTC_96289.dir/build
make[1]: Entering directory '/home/atharvmane/cudaTorchSIFT/build/CMakeFiles/CMakeScratch/TryCompile-tcgFzy'
Building CXX object CMakeFiles/cmTC_96289.dir/src.cxx.o
/usr/bin/c++ -DCMAKE_HAVE_LIBC_PTHREAD  -fPIE -std=gnu++17 -o CMakeFiles/cmTC_96289.dir/src.cxx.o -c /home/atharvmane/cudaTorchSIFT/build/CMakeFiles/CMakeScratch/TryCompile-tcgFzy/src.cxx
Linking CXX executable cmTC_96289
/usr/local/lib/python3.8/dist-packages/cmake/data/bin/cmake -E cmake_link_script CMakeFiles/cmTC_96289.dir/link.txt --verbose=1
/usr/bin/c++ CMakeFiles/cmTC_96289.dir/src.cxx.o -o cmTC_96289 
/usr/bin/ld: CMakeFiles/cmTC_96289.dir/src.cxx.o: in function `main':
src.cxx:(.text+0x46): undefined reference to `pthread_create'
/usr/bin/ld: src.cxx:(.text+0x52): undefined reference to `pthread_detach'
/usr/bin/ld: src.cxx:(.text+0x5e): undefined reference to `pthread_cancel'
/usr/bin/ld: src.cxx:(.text+0x6f): undefined reference to `pthread_join'
collect2: error: ld returned 1 exit status
make[1]: *** [CMakeFiles/cmTC_96289.dir/build.make:99: cmTC_96289] Error 1
make[1]: Leaving directory '/home/atharvmane/cudaTorchSIFT/build/CMakeFiles/CMakeScratch/TryCompile-tcgFzy'
make: *** [Makefile:127: cmTC_96289/fast] Error 2


Source file was:
#include <pthread.h>

static void* test_func(void* data)
{
  return data;
}

int main(void)
{
  pthread_t thread;
  pthread_create(&thread, NULL, test_func, NULL);
  pthread_detach(thread);
  pthread_cancel(thread);
  pthread_join(thread, NULL);
  pthread_atfork(NULL, NULL, NULL);
  pthread_exit(NULL);

  return 0;
}


Determining if the function pthread_create exists in the pthreads failed with the following output:
Change Dir: /home/atharvmane/cudaTorchSIFT/build/CMakeFiles/CMakeScratch/TryCompile-m050wx

Run Build Command(s):/usr/bin/make -f Makefile cmTC_712e6/fast && /usr/bin/make  -f CMakeFiles/cmTC_712e6.dir/build.make CMakeFiles/cmTC_712e6.dir/build
make[1]: Entering directory '/home/atharvmane/cudaTorchSIFT/build/CMakeFiles/CMakeScratch/TryCompile-m050wx'
Building CXX object CMakeFiles/cmTC_712e6.dir/CheckFunctionExists.cxx.o
/usr/bin/c++   -DCHECK_FUNCTION_EXISTS=pthread_create -fPIE -std=gnu++17 -o CMakeFiles/cmTC_712e6.dir/CheckFunctionExists.cxx.o -c /home/atharvmane/cudaTorchSIFT/build/CMakeFiles/CMakeScratch/TryCompile-m050wx/CheckFunctionExists.cxx
Linking CXX executable cmTC_712e6
/usr/local/lib/python3.8/dist-packages/cmake/data/bin/cmake -E cmake_link_script CMakeFiles/cmTC_712e6.dir/link.txt --verbose=1
/usr/bin/c++  -DCHECK_FUNCTION_EXISTS=pthread_create CMakeFiles/cmTC_712e6.dir/CheckFunctionExists.cxx.o -o cmTC_712e6  -lpthreads 
/usr/bin/ld: cannot find -lpthreads
collect2: error: ld returned 1 exit status
make[1]: *** [CMakeFiles/cmTC_712e6.dir/build.make:99: cmTC_712e6] Error 1
make[1]: Leaving directory '/home/atharvmane/cudaTorchSIFT/build/CMakeFiles/CMakeScratch/TryCompile-m050wx'
make: *** [Makefile:127: cmTC_712e6/fast] Error 2



